<?xml version='1.0'?> 
<!DOCTYPE coverage SYSTEM "http://cobertura.sourceforge.net/xml/coverage-04.dtd">
<!-- Generated by simplecov-cobertura version 2.1.0 (https://github.com/dashingrocket/simplecov-cobertura) -->
<coverage line-rate="0.56" lines-covered="610" lines-valid="1086" complexity="0" version="0" timestamp="1719333890">
  <sources>
    <source>/Users/mark/Code/streamdal/sdks/ruby</source>
  </sources>
  <packages>
    <package name="ruby" line-rate="0.56" complexity="0">
      <classes>
        <class name="audiences" filename="lib/audiences.rb" line-rate="0.27" complexity="0">
          <methods/>
          <lines>
            <line number="3" hits="1"/>
            <line number="4" hits="1"/>
            <line number="5" hits="9"/>
            <line number="8" hits="1"/>
            <line number="10" hits="0"/>
            <line number="11" hits="0"/>
            <line number="12" hits="0"/>
            <line number="13" hits="0"/>
            <line number="14" hits="0"/>
            <line number="15" hits="0"/>
            <line number="16" hits="0"/>
            <line number="19" hits="1"/>
            <line number="20" hits="0"/>
            <line number="23" hits="1"/>
            <line number="25" hits="0"/>
            <line number="27" hits="0"/>
            <line number="29" hits="0"/>
            <line number="30" hits="0"/>
            <line number="31" hits="0"/>
            <line number="32" hits="0"/>
            <line number="35" hits="1"/>
            <line number="38" hits="0"/>
            <line number="39" hits="0"/>
            <line number="40" hits="0"/>
            <line number="41" hits="0"/>
            <line number="42" hits="0"/>
          </lines>
        </class>
        <class name="hostfunc" filename="lib/hostfunc.rb" line-rate="0.74" complexity="0">
          <methods/>
          <lines>
            <line number="1" hits="1"/>
            <line number="2" hits="1"/>
            <line number="3" hits="1"/>
            <line number="5" hits="1"/>
            <line number="6" hits="1"/>
            <line number="11" hits="1"/>
            <line number="12" hits="13"/>
            <line number="17" hits="1"/>
            <line number="19" hits="2"/>
            <line number="22" hits="2"/>
            <line number="24" hits="2"/>
            <line number="26" hits="2"/>
            <line number="28" hits="2"/>
            <line number="30" hits="2"/>
            <line number="31" hits="2"/>
            <line number="32" hits="2"/>
            <line number="34" hits="2"/>
            <line number="39" hits="1"/>
            <line number="40" hits="1"/>
            <line number="43" hits="1"/>
            <line number="46" hits="1"/>
            <line number="48" hits="0"/>
            <line number="54" hits="1"/>
            <line number="56" hits="0"/>
            <line number="60" hits="1"/>
            <line number="62" hits="1"/>
            <line number="65" hits="1"/>
            <line number="66" hits="1"/>
            <line number="69" hits="1"/>
            <line number="71" hits="1"/>
            <line number="72" hits="1"/>
            <line number="73" hits="1"/>
            <line number="74" hits="1"/>
            <line number="75" hits="1"/>
            <line number="79" hits="1"/>
            <line number="80" hits="6"/>
            <line number="85" hits="1"/>
            <line number="88" hits="1"/>
            <line number="89" hits="1"/>
            <line number="91" hits="1"/>
            <line number="93" hits="0"/>
            <line number="95" hits="0"/>
            <line number="97" hits="0"/>
            <line number="100" hits="0"/>
            <line number="101" hits="0"/>
            <line number="104" hits="0"/>
            <line number="106" hits="1"/>
            <line number="112" hits="1"/>
            <line number="113" hits="1"/>
            <line number="116" hits="1"/>
            <line number="119" hits="1"/>
            <line number="121" hits="1"/>
            <line number="123" hits="1"/>
            <line number="125" hits="0"/>
            <line number="126" hits="0"/>
            <line number="128" hits="0"/>
            <line number="129" hits="0"/>
            <line number="131" hits="0"/>
            <line number="133" hits="0"/>
            <line number="134" hits="0"/>
            <line number="136" hits="0"/>
            <line number="138" hits="0"/>
            <line number="140" hits="0"/>
            <line number="146" hits="1"/>
            <line number="147" hits="3"/>
            <line number="148" hits="3"/>
            <line number="151" hits="3"/>
            <line number="154" hits="3"/>
            <line number="157" hits="3"/>
            <line number="160" hits="3"/>
          </lines>
        </class>
        <class name="hostfunc_spec" filename="lib/hostfunc_spec.rb" line-rate="1.0" complexity="0">
          <methods/>
          <lines>
            <line number="1" hits="1"/>
            <line number="3" hits="1"/>
          </lines>
        </class>
        <class name="kv" filename="lib/kv.rb" line-rate="1.0" complexity="0">
          <methods/>
          <lines>
            <line number="3" hits="1"/>
            <line number="4" hits="1"/>
            <line number="5" hits="1"/>
            <line number="6" hits="19"/>
            <line number="7" hits="19"/>
            <line number="10" hits="1"/>
            <line number="11" hits="10"/>
            <line number="12" hits="10"/>
            <line number="16" hits="1"/>
            <line number="17" hits="1"/>
            <line number="18" hits="1"/>
            <line number="22" hits="1"/>
            <line number="23" hits="1"/>
            <line number="24" hits="1"/>
            <line number="28" hits="1"/>
            <line number="29" hits="11"/>
            <line number="30" hits="11"/>
            <line number="34" hits="1"/>
            <line number="35" hits="1"/>
            <line number="36" hits="1"/>
            <line number="40" hits="1"/>
            <line number="41" hits="4"/>
            <line number="42" hits="4"/>
            <line number="46" hits="1"/>
            <line number="47" hits="1"/>
            <line number="48" hits="1"/>
            <line number="49" hits="1"/>
            <line number="50" hits="1"/>
          </lines>
        </class>
        <class name="kv_spec" filename="lib/kv_spec.rb" line-rate="1.0" complexity="0">
          <methods/>
          <lines>
            <line number="1" hits="1"/>
            <line number="2" hits="1"/>
            <line number="3" hits="1"/>
            <line number="5" hits="1"/>
            <line number="6" hits="1"/>
            <line number="7" hits="6"/>
            <line number="10" hits="1"/>
            <line number="11" hits="1"/>
            <line number="12" hits="1"/>
            <line number="15" hits="1"/>
            <line number="16" hits="1"/>
            <line number="17" hits="1"/>
            <line number="18" hits="1"/>
            <line number="19" hits="1"/>
            <line number="20" hits="1"/>
            <line number="21" hits="1"/>
            <line number="24" hits="1"/>
            <line number="25" hits="1"/>
            <line number="26" hits="1"/>
            <line number="27" hits="1"/>
            <line number="28" hits="1"/>
            <line number="31" hits="1"/>
            <line number="32" hits="1"/>
            <line number="33" hits="1"/>
            <line number="34" hits="1"/>
            <line number="35" hits="1"/>
            <line number="38" hits="1"/>
            <line number="39" hits="1"/>
            <line number="40" hits="1"/>
            <line number="41" hits="1"/>
            <line number="44" hits="1"/>
            <line number="45" hits="1"/>
            <line number="46" hits="1"/>
            <line number="47" hits="1"/>
            <line number="48" hits="1"/>
            <line number="49" hits="1"/>
            <line number="50" hits="1"/>
            <line number="51" hits="1"/>
          </lines>
        </class>
        <class name="metrics" filename="lib/metrics.rb" line-rate="0.3" complexity="0">
          <methods/>
          <lines>
            <line number="3" hits="1"/>
            <line number="4" hits="1"/>
            <line number="5" hits="1"/>
            <line number="7" hits="1"/>
            <line number="8" hits="0"/>
            <line number="9" hits="0"/>
            <line number="10" hits="0"/>
            <line number="11" hits="0"/>
            <line number="12" hits="0"/>
            <line number="13" hits="0"/>
            <line number="16" hits="1"/>
            <line number="17" hits="0"/>
            <line number="18" hits="0"/>
            <line number="19" hits="0"/>
            <line number="23" hits="1"/>
            <line number="24" hits="0"/>
            <line number="25" hits="0"/>
            <line number="29" hits="1"/>
            <line number="30" hits="0"/>
            <line number="31" hits="0"/>
            <line number="36" hits="1"/>
            <line number="38" hits="1"/>
            <line number="39" hits="1"/>
            <line number="40" hits="1"/>
            <line number="41" hits="1"/>
            <line number="42" hits="1"/>
            <line number="43" hits="1"/>
            <line number="44" hits="1"/>
            <line number="45" hits="1"/>
            <line number="46" hits="1"/>
            <line number="47" hits="1"/>
            <line number="48" hits="1"/>
            <line number="49" hits="1"/>
            <line number="51" hits="1"/>
            <line number="52" hits="1"/>
            <line number="53" hits="1"/>
            <line number="54" hits="1"/>
            <line number="56" hits="1"/>
            <line number="58" hits="1"/>
            <line number="59" hits="0"/>
            <line number="61" hits="0"/>
            <line number="62" hits="0"/>
            <line number="63" hits="0"/>
            <line number="64" hits="0"/>
            <line number="65" hits="0"/>
            <line number="66" hits="0"/>
            <line number="67" hits="0"/>
            <line number="68" hits="0"/>
            <line number="69" hits="0"/>
            <line number="71" hits="0"/>
            <line number="74" hits="1"/>
            <line number="76" hits="0"/>
            <line number="79" hits="0"/>
            <line number="82" hits="0"/>
            <line number="83" hits="0"/>
            <line number="87" hits="1"/>
            <line number="88" hits="0"/>
            <line number="89" hits="0"/>
            <line number="92" hits="1"/>
            <line number="93" hits="0"/>
            <line number="95" hits="0"/>
            <line number="97" hits="0"/>
            <line number="98" hits="0"/>
            <line number="102" hits="0"/>
            <line number="105" hits="1"/>
            <line number="106" hits="0"/>
            <line number="108" hits="0"/>
            <line number="109" hits="0"/>
            <line number="112" hits="0"/>
            <line number="115" hits="1"/>
            <line number="116" hits="0"/>
            <line number="118" hits="0"/>
            <line number="119" hits="0"/>
            <line number="123" hits="0"/>
            <line number="126" hits="1"/>
            <line number="127" hits="0"/>
            <line number="128" hits="0"/>
            <line number="132" hits="1"/>
            <line number="134" hits="1"/>
            <line number="135" hits="0"/>
            <line number="136" hits="0"/>
            <line number="137" hits="0"/>
            <line number="140" hits="0"/>
            <line number="141" hits="0"/>
            <line number="144" hits="1"/>
            <line number="145" hits="0"/>
            <line number="146" hits="0"/>
            <line number="147" hits="0"/>
            <line number="148" hits="0"/>
            <line number="149" hits="0"/>
            <line number="151" hits="0"/>
            <line number="152" hits="0"/>
            <line number="154" hits="0"/>
            <line number="155" hits="0"/>
            <line number="158" hits="1"/>
            <line number="161" hits="0"/>
            <line number="163" hits="0"/>
            <line number="166" hits="0"/>
            <line number="173" hits="0"/>
            <line number="174" hits="0"/>
            <line number="175" hits="0"/>
            <line number="177" hits="0"/>
            <line number="178" hits="0"/>
            <line number="180" hits="0"/>
            <line number="181" hits="0"/>
            <line number="183" hits="0"/>
            <line number="187" hits="1"/>
            <line number="188" hits="0"/>
            <line number="190" hits="0"/>
            <line number="191" hits="0"/>
            <line number="192" hits="0"/>
            <line number="195" hits="0"/>
            <line number="197" hits="0"/>
            <line number="201" hits="0"/>
            <line number="204" hits="1"/>
            <line number="205" hits="0"/>
            <line number="207" hits="0"/>
            <line number="209" hits="0"/>
            <line number="216" hits="0"/>
            <line number="217" hits="0"/>
            <line number="218" hits="0"/>
            <line number="220" hits="0"/>
            <line number="221" hits="0"/>
            <line number="222" hits="0"/>
            <line number="228" hits="0"/>
            <line number="231" hits="1"/>
            <line number="232" hits="0"/>
            <line number="234" hits="0"/>
            <line number="235" hits="0"/>
            <line number="237" hits="0"/>
            <line number="239" hits="0"/>
            <line number="241" hits="0"/>
            <line number="244" hits="0"/>
            <line number="248" hits="1"/>
            <line number="249" hits="0"/>
          </lines>
        </class>
        <class name="metrics_spec" filename="lib/metrics_spec.rb" line-rate="1.0" complexity="0">
          <methods/>
          <lines>
            <line number="1" hits="1"/>
            <line number="3" hits="1"/>
          </lines>
        </class>
        <class name="schema" filename="lib/schema.rb" line-rate="1.0" complexity="0">
          <methods/>
          <lines>
            <line number="3" hits="1"/>
            <line number="5" hits="1"/>
            <line number="6" hits="1"/>
            <line number="7" hits="2"/>
            <line number="8" hits="2"/>
            <line number="9" hits="2"/>
            <line number="12" hits="1"/>
            <line number="13" hits="3"/>
            <line number="15" hits="1"/>
            <line number="18" hits="1"/>
            <line number="20" hits="1"/>
            <line number="23" hits="1"/>
            <line number="26" hits="1"/>
            <line number="27" hits="1"/>
            <line number="29" hits="1"/>
            <line number="31" hits="1"/>
            <line number="32" hits="1"/>
            <line number="33" hits="1"/>
            <line number="34" hits="1"/>
            <line number="37" hits="1"/>
            <line number="38" hits="1"/>
          </lines>
        </class>
        <class name="schema_spec" filename="lib/schema_spec.rb" line-rate="1.0" complexity="0">
          <methods/>
          <lines>
            <line number="1" hits="1"/>
            <line number="2" hits="1"/>
            <line number="3" hits="1"/>
            <line number="4" hits="1"/>
            <line number="5" hits="1"/>
            <line number="6" hits="1"/>
            <line number="7" hits="1"/>
            <line number="8" hits="1"/>
            <line number="9" hits="1"/>
            <line number="11" hits="1"/>
            <line number="12" hits="1"/>
            <line number="13" hits="1"/>
            <line number="14" hits="1"/>
            <line number="19" hits="1"/>
            <line number="21" hits="1"/>
            <line number="22" hits="2"/>
            <line number="23" hits="2"/>
            <line number="26" hits="1"/>
            <line number="27" hits="2"/>
            <line number="32" hits="1"/>
            <line number="33" hits="1"/>
            <line number="34" hits="2"/>
            <line number="36" hits="2"/>
            <line number="37" hits="2"/>
            <line number="38" hits="2"/>
            <line number="41" hits="1"/>
            <line number="42" hits="1"/>
            <line number="44" hits="1"/>
            <line number="45" hits="1"/>
            <line number="47" hits="1"/>
            <line number="48" hits="1"/>
            <line number="49" hits="1"/>
            <line number="50" hits="1"/>
            <line number="52" hits="1"/>
            <line number="54" hits="1"/>
            <line number="55" hits="1"/>
            <line number="57" hits="1"/>
          </lines>
        </class>
        <class name="streamdal" filename="lib/streamdal.rb" line-rate="0.29" complexity="0">
          <methods/>
          <lines>
            <line number="2" hits="1"/>
            <line number="3" hits="1"/>
            <line number="4" hits="1"/>
            <line number="5" hits="1"/>
            <line number="6" hits="1"/>
            <line number="7" hits="1"/>
            <line number="8" hits="1"/>
            <line number="9" hits="1"/>
            <line number="10" hits="1"/>
            <line number="11" hits="1"/>
            <line number="12" hits="1"/>
            <line number="13" hits="1"/>
            <line number="14" hits="1"/>
            <line number="15" hits="1"/>
            <line number="16" hits="1"/>
            <line number="17" hits="1"/>
            <line number="18" hits="1"/>
            <line number="19" hits="1"/>
            <line number="20" hits="1"/>
            <line number="21" hits="1"/>
            <line number="22" hits="1"/>
            <line number="23" hits="1"/>
            <line number="24" hits="1"/>
            <line number="26" hits="1"/>
            <line number="27" hits="1"/>
            <line number="28" hits="1"/>
            <line number="29" hits="1"/>
            <line number="30" hits="1"/>
            <line number="31" hits="1"/>
            <line number="33" hits="1"/>
            <line number="34" hits="1"/>
            <line number="35" hits="1"/>
            <line number="36" hits="1"/>
            <line number="37" hits="1"/>
            <line number="40" hits="1"/>
            <line number="44" hits="1"/>
            <line number="46" hits="1"/>
            <line number="47" hits="11"/>
            <line number="48" hits="11"/>
            <line number="56" hits="1"/>
            <line number="57" hits="1"/>
            <line number="58" hits="2"/>
            <line number="67" hits="1"/>
            <line number="73" hits="1"/>
            <line number="74" hits="1"/>
            <line number="75" hits="1"/>
            <line number="78" hits="1"/>
            <line number="79" hits="1"/>
            <line number="81" hits="1"/>
            <line number="82" hits="0"/>
            <line number="84" hits="0"/>
            <line number="85" hits="0"/>
            <line number="86" hits="0"/>
            <line number="87" hits="0"/>
            <line number="88" hits="0"/>
            <line number="89" hits="0"/>
            <line number="90" hits="0"/>
            <line number="91" hits="0"/>
            <line number="92" hits="0"/>
            <line number="93" hits="0"/>
            <line number="94" hits="0"/>
            <line number="95" hits="0"/>
            <line number="96" hits="0"/>
            <line number="97" hits="0"/>
            <line number="100" hits="0"/>
            <line number="102" hits="0"/>
            <line number="104" hits="0"/>
            <line number="105" hits="0"/>
            <line number="108" hits="1"/>
            <line number="110" hits="0"/>
            <line number="113" hits="0"/>
            <line number="116" hits="0"/>
            <line number="117" hits="0"/>
            <line number="121" hits="1"/>
            <line number="122" hits="0"/>
            <line number="124" hits="0"/>
            <line number="126" hits="0"/>
            <line number="127" hits="0"/>
            <line number="128" hits="0"/>
            <line number="129" hits="0"/>
            <line number="131" hits="0"/>
            <line number="134" hits="0"/>
            <line number="143" hits="0"/>
            <line number="144" hits="0"/>
            <line number="145" hits="0"/>
            <line number="146" hits="0"/>
            <line number="148" hits="0"/>
            <line number="149" hits="0"/>
            <line number="150" hits="0"/>
            <line number="151" hits="0"/>
            <line number="152" hits="0"/>
            <line number="155" hits="0"/>
            <line number="157" hits="0"/>
            <line number="159" hits="0"/>
            <line number="160" hits="0"/>
            <line number="165" hits="0"/>
            <line number="167" hits="0"/>
            <line number="168" hits="0"/>
            <line number="169" hits="0"/>
            <line number="170" hits="0"/>
            <line number="173" hits="0"/>
            <line number="174" hits="0"/>
            <line number="177" hits="0"/>
            <line number="179" hits="0"/>
            <line number="180" hits="0"/>
            <line number="181" hits="0"/>
            <line number="182" hits="0"/>
            <line number="183" hits="0"/>
            <line number="184" hits="0"/>
            <line number="186" hits="0"/>
            <line number="188" hits="0"/>
            <line number="189" hits="0"/>
            <line number="191" hits="0"/>
            <line number="192" hits="0"/>
            <line number="194" hits="0"/>
            <line number="195" hits="0"/>
            <line number="196" hits="0"/>
            <line number="197" hits="0"/>
            <line number="200" hits="0"/>
            <line number="202" hits="0"/>
            <line number="203" hits="0"/>
            <line number="204" hits="0"/>
            <line number="205" hits="0"/>
            <line number="206" hits="0"/>
            <line number="209" hits="0"/>
            <line number="211" hits="0"/>
            <line number="213" hits="0"/>
            <line number="215" hits="0"/>
            <line number="217" hits="0"/>
            <line number="219" hits="0"/>
            <line number="220" hits="0"/>
            <line number="221" hits="0"/>
            <line number="223" hits="0"/>
            <line number="224" hits="0"/>
            <line number="225" hits="0"/>
            <line number="226" hits="0"/>
            <line number="229" hits="0"/>
            <line number="231" hits="0"/>
            <line number="232" hits="0"/>
            <line number="233" hits="0"/>
            <line number="236" hits="0"/>
            <line number="238" hits="0"/>
            <line number="239" hits="0"/>
            <line number="240" hits="0"/>
            <line number="244" hits="0"/>
            <line number="245" hits="0"/>
            <line number="248" hits="0"/>
            <line number="249" hits="0"/>
            <line number="251" hits="0"/>
            <line number="253" hits="0"/>
            <line number="254" hits="0"/>
            <line number="255" hits="0"/>
            <line number="256" hits="0"/>
            <line number="258" hits="0"/>
            <line number="261" hits="0"/>
            <line number="262" hits="0"/>
            <line number="263" hits="0"/>
            <line number="264" hits="0"/>
            <line number="267" hits="0"/>
            <line number="268" hits="0"/>
            <line number="270" hits="0"/>
            <line number="271" hits="0"/>
            <line number="278" hits="0"/>
            <line number="282" hits="0"/>
            <line number="286" hits="0"/>
            <line number="288" hits="0"/>
            <line number="289" hits="0"/>
            <line number="290" hits="0"/>
            <line number="293" hits="0"/>
            <line number="296" hits="1"/>
            <line number="298" hits="1"/>
            <line number="299" hits="0"/>
            <line number="301" hits="0"/>
            <line number="303" hits="0"/>
            <line number="305" hits="0"/>
            <line number="306" hits="0"/>
            <line number="307" hits="0"/>
            <line number="308" hits="0"/>
            <line number="311" hits="0"/>
            <line number="313" hits="0"/>
            <line number="316" hits="1"/>
            <line number="317" hits="0"/>
            <line number="319" hits="0"/>
            <line number="321" hits="0"/>
            <line number="323" hits="0"/>
            <line number="327" hits="0"/>
            <line number="331" hits="1"/>
            <line number="333" hits="0"/>
            <line number="335" hits="0"/>
            <line number="336" hits="0"/>
            <line number="339" hits="0"/>
            <line number="340" hits="0"/>
            <line number="342" hits="0"/>
            <line number="344" hits="0"/>
            <line number="346" hits="0"/>
            <line number="348" hits="0"/>
            <line number="350" hits="0"/>
            <line number="352" hits="0"/>
            <line number="357" hits="1"/>
            <line number="358" hits="0"/>
            <line number="360" hits="0"/>
            <line number="361" hits="0"/>
            <line number="362" hits="0"/>
            <line number="363" hits="0"/>
            <line number="364" hits="0"/>
            <line number="365" hits="0"/>
            <line number="367" hits="0"/>
            <line number="372" hits="0"/>
            <line number="373" hits="0"/>
            <line number="377" hits="1"/>
            <line number="378" hits="0"/>
            <line number="379" hits="0"/>
            <line number="381" hits="0"/>
            <line number="383" hits="0"/>
            <line number="385" hits="0"/>
            <line number="386" hits="0"/>
            <line number="387" hits="0"/>
            <line number="391" hits="1"/>
            <line number="394" hits="11"/>
            <line number="396" hits="11"/>
            <line number="397" hits="11"/>
            <line number="398" hits="11"/>
            <line number="400" hits="11"/>
            <line number="401" hits="1"/>
            <line number="404" hits="11"/>
            <line number="405" hits="2"/>
            <line number="408" hits="11"/>
            <line number="414" hits="11"/>
            <line number="416" hits="11"/>
            <line number="419" hits="11"/>
            <line number="420" hits="11"/>
            <line number="421" hits="11"/>
            <line number="422" hits="11"/>
            <line number="424" hits="11"/>
            <line number="427" hits="1"/>
            <line number="428" hits="13"/>
            <line number="430" hits="12"/>
            <line number="432" hits="11"/>
            <line number="434" hits="11"/>
            <line number="435" hits="11"/>
            <line number="436" hits="11"/>
            <line number="437" hits="11"/>
            <line number="440" hits="11"/>
            <line number="441" hits="11"/>
            <line number="442" hits="11"/>
            <line number="445" hits="0"/>
            <line number="446" hits="0"/>
            <line number="447" hits="0"/>
            <line number="448" hits="0"/>
            <line number="449" hits="0"/>
            <line number="453" hits="1"/>
            <line number="454" hits="0"/>
            <line number="455" hits="0"/>
            <line number="456" hits="0"/>
            <line number="457" hits="0"/>
            <line number="458" hits="0"/>
            <line number="460" hits="0"/>
            <line number="463" hits="1"/>
            <line number="464" hits="0"/>
            <line number="466" hits="0"/>
            <line number="467" hits="0"/>
            <line number="468" hits="0"/>
            <line number="469" hits="0"/>
            <line number="470" hits="0"/>
            <line number="471" hits="0"/>
            <line number="472" hits="0"/>
            <line number="474" hits="0"/>
            <line number="478" hits="1"/>
            <line number="479" hits="0"/>
            <line number="482" hits="1"/>
            <line number="483" hits="0"/>
            <line number="486" hits="0"/>
            <line number="487" hits="0"/>
            <line number="488" hits="0"/>
            <line number="490" hits="0"/>
            <line number="493" hits="0"/>
            <line number="496" hits="1"/>
            <line number="497" hits="11"/>
            <line number="501" hits="11"/>
            <line number="503" hits="11"/>
            <line number="505" hits="11"/>
            <line number="506" hits="11"/>
            <line number="507" hits="11"/>
            <line number="508" hits="11"/>
            <line number="510" hits="11"/>
            <line number="512" hits="11"/>
            <line number="517" hits="11"/>
            <line number="518" hits="11"/>
            <line number="519" hits="11"/>
            <line number="521" hits="11"/>
            <line number="524" hits="11"/>
            <line number="526" hits="11"/>
            <line number="529" hits="1"/>
            <line number="530" hits="0"/>
            <line number="532" hits="0"/>
            <line number="534" hits="0"/>
            <line number="536" hits="0"/>
            <line number="539" hits="1"/>
            <line number="540" hits="0"/>
            <line number="541" hits="0"/>
            <line number="542" hits="0"/>
            <line number="543" hits="0"/>
            <line number="545" hits="0"/>
            <line number="546" hits="0"/>
            <line number="549" hits="0"/>
            <line number="550" hits="0"/>
            <line number="552" hits="0"/>
            <line number="553" hits="0"/>
            <line number="561" hits="1"/>
            <line number="562" hits="0"/>
            <line number="564" hits="0"/>
            <line number="566" hits="0"/>
            <line number="568" hits="0"/>
            <line number="570" hits="0"/>
            <line number="572" hits="0"/>
            <line number="574" hits="0"/>
            <line number="578" hits="1"/>
            <line number="579" hits="0"/>
            <line number="580" hits="0"/>
            <line number="582" hits="0"/>
            <line number="585" hits="1"/>
            <line number="586" hits="0"/>
            <line number="587" hits="0"/>
            <line number="589" hits="0"/>
            <line number="590" hits="0"/>
            <line number="591" hits="0"/>
            <line number="592" hits="0"/>
            <line number="593" hits="0"/>
            <line number="594" hits="0"/>
            <line number="595" hits="0"/>
            <line number="596" hits="0"/>
            <line number="597" hits="0"/>
            <line number="598" hits="0"/>
            <line number="599" hits="0"/>
            <line number="603" hits="1"/>
            <line number="604" hits="0"/>
            <line number="606" hits="0"/>
            <line number="608" hits="0"/>
            <line number="610" hits="0"/>
            <line number="612" hits="0"/>
            <line number="620" hits="0"/>
            <line number="621" hits="0"/>
            <line number="622" hits="0"/>
            <line number="623" hits="0"/>
            <line number="624" hits="0"/>
            <line number="625" hits="0"/>
            <line number="626" hits="0"/>
            <line number="628" hits="0"/>
            <line number="629" hits="0"/>
            <line number="633" hits="1"/>
            <line number="634" hits="0"/>
            <line number="636" hits="0"/>
            <line number="637" hits="0"/>
            <line number="639" hits="0"/>
            <line number="642" hits="0"/>
            <line number="643" hits="0"/>
            <line number="644" hits="0"/>
            <line number="647" hits="0"/>
            <line number="649" hits="0"/>
            <line number="657" hits="0"/>
            <line number="659" hits="0"/>
            <line number="662" hits="1"/>
            <line number="663" hits="0"/>
            <line number="665" hits="0"/>
            <line number="667" hits="0"/>
            <line number="670" hits="1"/>
            <line number="671" hits="0"/>
            <line number="673" hits="0"/>
            <line number="675" hits="0"/>
            <line number="678" hits="1"/>
            <line number="679" hits="0"/>
            <line number="680" hits="0"/>
            <line number="682" hits="0"/>
            <line number="683" hits="0"/>
            <line number="686" hits="0"/>
            <line number="688" hits="0"/>
            <line number="691" hits="0"/>
            <line number="693" hits="0"/>
            <line number="695" hits="0"/>
            <line number="698" hits="1"/>
            <line number="700" hits="0"/>
            <line number="701" hits="0"/>
            <line number="704" hits="1"/>
            <line number="706" hits="0"/>
            <line number="707" hits="0"/>
            <line number="708" hits="0"/>
            <line number="709" hits="0"/>
            <line number="711" hits="0"/>
            <line number="716" hits="1"/>
            <line number="717" hits="0"/>
            <line number="718" hits="0"/>
            <line number="720" hits="0"/>
            <line number="722" hits="0"/>
            <line number="725" hits="1"/>
            <line number="726" hits="0"/>
            <line number="727" hits="0"/>
            <line number="728" hits="0"/>
            <line number="729" hits="0"/>
            <line number="732" hits="0"/>
            <line number="734" hits="0"/>
            <line number="736" hits="0"/>
            <line number="739" hits="1"/>
            <line number="740" hits="0"/>
            <line number="742" hits="0"/>
            <line number="744" hits="0"/>
            <line number="745" hits="0"/>
            <line number="747" hits="0"/>
            <line number="749" hits="0"/>
            <line number="751" hits="0"/>
            <line number="754" hits="1"/>
            <line number="755" hits="0"/>
            <line number="757" hits="0"/>
            <line number="759" hits="0"/>
            <line number="761" hits="0"/>
            <line number="763" hits="0"/>
            <line number="765" hits="0"/>
          </lines>
        </class>
        <class name="streamdal_spec" filename="lib/streamdal_spec.rb" line-rate="1.0" complexity="0">
          <methods/>
          <lines>
            <line number="1" hits="1"/>
            <line number="3" hits="1"/>
          </lines>
        </class>
        <class name="tail" filename="lib/tail.rb" line-rate="0.23" complexity="0">
          <methods/>
          <lines>
            <line number="1" hits="1"/>
            <line number="3" hits="1"/>
            <line number="4" hits="1"/>
            <line number="6" hits="1"/>
            <line number="7" hits="1"/>
            <line number="8" hits="1"/>
            <line number="10" hits="1"/>
            <line number="11" hits="0"/>
            <line number="12" hits="0"/>
            <line number="13" hits="0"/>
            <line number="14" hits="0"/>
            <line number="15" hits="0"/>
            <line number="16" hits="0"/>
            <line number="17" hits="0"/>
            <line number="18" hits="0"/>
            <line number="19" hits="0"/>
            <line number="22" hits="0"/>
            <line number="24" hits="0"/>
            <line number="32" hits="1"/>
            <line number="33" hits="0"/>
            <line number="34" hits="0"/>
            <line number="37" hits="0"/>
            <line number="40" hits="1"/>
            <line number="41" hits="0"/>
            <line number="43" hits="0"/>
            <line number="45" hits="0"/>
            <line number="46" hits="0"/>
            <line number="50" hits="1"/>
            <line number="51" hits="0"/>
            <line number="54" hits="0"/>
            <line number="56" hits="0"/>
            <line number="58" hits="0"/>
            <line number="59" hits="0"/>
            <line number="60" hits="0"/>
            <line number="63" hits="0"/>
            <line number="64" hits="0"/>
            <line number="65" hits="0"/>
            <line number="66" hits="0"/>
            <line number="67" hits="0"/>
            <line number="70" hits="0"/>
            <line number="72" hits="0"/>
            <line number="73" hits="0"/>
            <line number="76" hits="0"/>
            <line number="78" hits="0"/>
            <line number="82" hits="0"/>
            <line number="85" hits="1"/>
            <line number="86" hits="0"/>
            <line number="88" hits="0"/>
          </lines>
        </class>
        <class name="tail_spec" filename="lib/tail_spec.rb" line-rate="1.0" complexity="0">
          <methods/>
          <lines>
            <line number="1" hits="1"/>
            <line number="3" hits="1"/>
          </lines>
        </class>
        <class name="validation" filename="lib/validation.rb" line-rate="0.72" complexity="0">
          <methods/>
          <lines>
            <line number="3" hits="1"/>
            <line number="5" hits="1"/>
            <line number="6" hits="1"/>
            <line number="7" hits="0"/>
            <line number="8" hits="0"/>
            <line number="11" hits="0"/>
            <line number="12" hits="0"/>
            <line number="15" hits="0"/>
            <line number="16" hits="0"/>
            <line number="19" hits="0"/>
            <line number="20" hits="0"/>
            <line number="21" hits="0"/>
            <line number="26" hits="1"/>
            <line number="27" hits="2"/>
            <line number="28" hits="1"/>
            <line number="31" hits="1"/>
            <line number="32" hits="1"/>
            <line number="36" hits="1"/>
            <line number="37" hits="4"/>
            <line number="38" hits="1"/>
            <line number="41" hits="3"/>
            <line number="42" hits="1"/>
            <line number="45" hits="2"/>
            <line number="46" hits="0"/>
            <line number="49" hits="2"/>
            <line number="50" hits="1"/>
            <line number="53" hits="1"/>
            <line number="54" hits="1"/>
            <line number="57" hits="0"/>
            <line number="60" hits="1"/>
            <line number="61" hits="3"/>
            <line number="62" hits="1"/>
            <line number="65" hits="2"/>
            <line number="66" hits="1"/>
            <line number="69" hits="1"/>
            <line number="70" hits="1"/>
            <line number="75" hits="1"/>
            <line number="76" hits="2"/>
            <line number="77" hits="1"/>
            <line number="80" hits="1"/>
            <line number="81" hits="0"/>
            <line number="84" hits="1"/>
            <line number="85" hits="1"/>
          </lines>
        </class>
        <class name="validation_spec" filename="lib/validation_spec.rb" line-rate="1.0" complexity="0">
          <methods/>
          <lines>
            <line number="1" hits="1"/>
            <line number="2" hits="1"/>
            <line number="3" hits="1"/>
            <line number="4" hits="1"/>
            <line number="5" hits="1"/>
            <line number="7" hits="1"/>
            <line number="8" hits="1"/>
            <line number="9" hits="1"/>
            <line number="13" hits="1"/>
            <line number="14" hits="12"/>
            <line number="16" hits="1"/>
            <line number="17" hits="1"/>
            <line number="18" hits="2"/>
            <line number="21" hits="1"/>
            <line number="22" hits="1"/>
            <line number="23" hits="2"/>
            <line number="27" hits="1"/>
            <line number="28" hits="1"/>
            <line number="29" hits="2"/>
            <line number="32" hits="1"/>
            <line number="33" hits="1"/>
            <line number="34" hits="2"/>
            <line number="37" hits="1"/>
            <line number="38" hits="1"/>
            <line number="39" hits="2"/>
            <line number="42" hits="1"/>
            <line number="43" hits="1"/>
            <line number="44" hits="2"/>
            <line number="48" hits="1"/>
            <line number="49" hits="1"/>
            <line number="50" hits="2"/>
            <line number="53" hits="1"/>
            <line number="54" hits="1"/>
            <line number="55" hits="2"/>
            <line number="58" hits="1"/>
            <line number="59" hits="1"/>
            <line number="60" hits="2"/>
            <line number="64" hits="1"/>
            <line number="65" hits="1"/>
            <line number="66" hits="2"/>
            <line number="69" hits="1"/>
            <line number="70" hits="1"/>
            <line number="71" hits="1"/>
            <line number="72" hits="1"/>
            <line number="73" hits="2"/>
          </lines>
        </class>
        <class name="wasm_spec" filename="lib/wasm_spec.rb" line-rate="1.0" complexity="0">
          <methods/>
          <lines>
            <line number="1" hits="1"/>
            <line number="2" hits="1"/>
            <line number="3" hits="1"/>
            <line number="4" hits="1"/>
            <line number="5" hits="1"/>
            <line number="7" hits="1"/>
            <line number="9" hits="1"/>
            <line number="13" hits="1"/>
            <line number="14" hits="13"/>
            <line number="17" hits="13"/>
            <line number="19" hits="13"/>
            <line number="20" hits="13"/>
            <line number="22" hits="13"/>
            <line number="23" hits="13"/>
            <line number="24" hits="13"/>
            <line number="28" hits="1"/>
            <line number="29" hits="14"/>
            <line number="31" hits="1"/>
            <line number="32" hits="1"/>
            <line number="33" hits="2"/>
            <line number="36" hits="1"/>
            <line number="37" hits="1"/>
            <line number="38" hits="2"/>
            <line number="42" hits="1"/>
            <line number="43" hits="1"/>
            <line number="44" hits="2"/>
            <line number="46" hits="2"/>
            <line number="47" hits="2"/>
            <line number="48" hits="2"/>
            <line number="49" hits="2"/>
            <line number="50" hits="2"/>
            <line number="51" hits="2"/>
            <line number="52" hits="2"/>
            <line number="53" hits="2"/>
            <line number="54" hits="2"/>
            <line number="55" hits="2"/>
            <line number="58" hits="1"/>
            <line number="59" hits="1"/>
            <line number="61" hits="1"/>
            <line number="63" hits="1"/>
            <line number="64" hits="1"/>
            <line number="65" hits="1"/>
            <line number="69" hits="1"/>
            <line number="70" hits="1"/>
            <line number="72" hits="1"/>
            <line number="73" hits="1"/>
            <line number="74" hits="1"/>
            <line number="78" hits="1"/>
            <line number="79" hits="1"/>
            <line number="80" hits="1"/>
            <line number="82" hits="1"/>
            <line number="83" hits="1"/>
            <line number="84" hits="1"/>
            <line number="85" hits="1"/>
            <line number="86" hits="1"/>
            <line number="88" hits="1"/>
            <line number="89" hits="1"/>
            <line number="90" hits="1"/>
            <line number="91" hits="1"/>
            <line number="92" hits="1"/>
            <line number="93" hits="1"/>
            <line number="96" hits="1"/>
            <line number="97" hits="1"/>
            <line number="99" hits="1"/>
            <line number="100" hits="1"/>
            <line number="101" hits="1"/>
            <line number="105" hits="1"/>
            <line number="106" hits="1"/>
            <line number="107" hits="1"/>
            <line number="109" hits="1"/>
            <line number="110" hits="1"/>
            <line number="111" hits="1"/>
            <line number="112" hits="1"/>
            <line number="113" hits="1"/>
            <line number="114" hits="1"/>
            <line number="117" hits="1"/>
            <line number="118" hits="1"/>
            <line number="119" hits="1"/>
            <line number="121" hits="1"/>
            <line number="123" hits="1"/>
            <line number="124" hits="1"/>
            <line number="125" hits="1"/>
            <line number="126" hits="1"/>
            <line number="127" hits="1"/>
            <line number="131" hits="1"/>
            <line number="132" hits="1"/>
            <line number="133" hits="4"/>
            <line number="135" hits="4"/>
            <line number="136" hits="4"/>
            <line number="137" hits="4"/>
            <line number="138" hits="4"/>
            <line number="139" hits="4"/>
            <line number="142" hits="1"/>
            <line number="143" hits="1"/>
            <line number="144" hits="1"/>
            <line number="145" hits="1"/>
            <line number="146" hits="1"/>
            <line number="148" hits="1"/>
            <line number="149" hits="1"/>
            <line number="151" hits="1"/>
            <line number="152" hits="1"/>
            <line number="153" hits="1"/>
            <line number="154" hits="1"/>
            <line number="157" hits="1"/>
            <line number="158" hits="1"/>
            <line number="159" hits="1"/>
            <line number="160" hits="1"/>
            <line number="161" hits="1"/>
            <line number="162" hits="1"/>
            <line number="164" hits="1"/>
            <line number="165" hits="1"/>
            <line number="167" hits="1"/>
            <line number="168" hits="1"/>
            <line number="169" hits="1"/>
            <line number="170" hits="1"/>
            <line number="173" hits="1"/>
            <line number="174" hits="1"/>
            <line number="175" hits="1"/>
            <line number="176" hits="1"/>
            <line number="177" hits="1"/>
            <line number="178" hits="1"/>
            <line number="179" hits="1"/>
            <line number="181" hits="1"/>
            <line number="182" hits="1"/>
            <line number="184" hits="1"/>
            <line number="185" hits="1"/>
            <line number="186" hits="1"/>
            <line number="187" hits="1"/>
            <line number="190" hits="1"/>
            <line number="195" hits="1"/>
            <line number="196" hits="1"/>
            <line number="197" hits="2"/>
            <line number="199" hits="2"/>
            <line number="200" hits="2"/>
            <line number="201" hits="2"/>
            <line number="202" hits="2"/>
            <line number="203" hits="2"/>
            <line number="204" hits="2"/>
            <line number="208" hits="1"/>
            <line number="210" hits="1"/>
            <line number="211" hits="1"/>
            <line number="213" hits="1"/>
            <line number="214" hits="1"/>
            <line number="215" hits="1"/>
            <line number="218" hits="1"/>
            <line number="219" hits="1"/>
            <line number="220" hits="1"/>
            <line number="222" hits="1"/>
            <line number="223" hits="1"/>
            <line number="227" hits="1"/>
            <line number="228" hits="1"/>
            <line number="229" hits="2"/>
            <line number="231" hits="2"/>
            <line number="233" hits="2"/>
            <line number="234" hits="2"/>
            <line number="235" hits="2"/>
            <line number="236" hits="2"/>
            <line number="237" hits="2"/>
            <line number="238" hits="2"/>
            <line number="239" hits="2"/>
            <line number="240" hits="2"/>
            <line number="241" hits="2"/>
            <line number="244" hits="1"/>
            <line number="245" hits="1"/>
            <line number="247" hits="1"/>
            <line number="248" hits="1"/>
            <line number="251" hits="1"/>
            <line number="252" hits="1"/>
            <line number="253" hits="1"/>
            <line number="255" hits="1"/>
            <line number="256" hits="1"/>
          </lines>
        </class>
      </classes>
    </package>
  </packages>
</coverage>